<?xml version="1.0" encoding="UTF-8"?>
<!-- Generated by org.testng.reporters.JUnitReportReporter -->
<testsuite hostname="SHILIN2886" failures="0" tests="1" name="example.NewTest" time="4.766" errors="0" timestamp="4 Dec 2018 02:07:30 GMT">
  <testcase classname="example.NewTest" name="testNg" time="4.766"/>
</testsuite> <!-- example.NewTest -->
