<?xml version="1.0" encoding="UTF-8" ?>
<testsuite tests="1" failures="0" name="TestSuite" time="4.761" errors="0" skipped="0">
  <properties>
    <property name="JOB_NAME" value="seleniumMaven1"/>
    <property name="java.vendor" value="Oracle Corporation"/>
    <property name="sun.java.launcher" value="SUN_STANDARD"/>
    <property name="windows_tracing_logfile" value="C:\BVTBin\Tests\installpackage\csilogfile.log"/>
    <property name="NUMBER_OF_PROCESSORS" value="2"/>
    <property name="sun.management.compiler" value="HotSpot 64-Bit Tiered Compilers"/>
    <property name="JENKINS_HOME" value="C:\Program Files (x86)\Jenkins"/>
    <property name="HUDSON_SERVER_COOKIE" value="188c2eb741554aa4"/>
    <property name="POM_ARTIFACTID" value="WebdriverTest"/>
    <property name="os.name" value="Windows 7"/>
    <property name="EXECUTOR_NUMBER" value="1"/>
    <property name="sun.desktop" value="windows"/>
    <property name="PATHEXT" value=".COM;.EXE;.BAT;.CMD;.VBS;.VBE;.JS;.JSE;.WSF;.WSH;.MSC"/>
    <property name="java.vm.specification.vendor" value="Oracle Corporation"/>
    <property name="POM_DISPLAYNAME" value="WebdriverTest"/>
    <property name="TEMP" value="C:\Windows\TEMP"/>
    <property name="NODE_LABELS" value="master"/>
    <property name="java.runtime.version" value="11.0.1+13-LTS"/>
    <property name="WINSW_SERVICE_ID" value="Jenkins"/>
    <property name="user.name" value="SHILIN2886$"/>
    <property name="guice.disable.misplaced.annotation.check" value="true"/>
    <property name="CommonProgramW6432" value="C:\Program Files\Common Files"/>
    <property name="ProgramFiles" value="C:\Program Files (x86)"/>
    <property name="user.language" value="zh"/>
    <property name="JOB_BASE_NAME" value="seleniumMaven1"/>
    <property name="RUN_CHANGES_DISPLAY_URL" value="http://127.0.0.1:8080/job/seleniumMaven1/7/display/redirect?page=changes"/>
    <property name="BUILD_DISPLAY_NAME" value="#7"/>
    <property name="sun.boot.library.path" value="C:\Program Files\Java\jdk-11.0.1\bin"/>
    <property name="java.vm.compressedOopsMode" value="32-bit"/>
    <property name="LOCALAPPDATA" value="C:\Windows\system32\config\systemprofile\AppData\Local"/>
    <property name="java.version" value="11.0.1"/>
    <property name="user.timezone" value="GMT+08:00"/>
    <property name="PROCESSOR_LEVEL" value="6"/>
    <property name="USERNAME" value="SHILIN2886$"/>
    <property name="sun.arch.data.model" value="64"/>
    <property name="PROCESSOR_ARCHITEW6432" value="AMD64"/>
    <property name="NODE_NAME" value="master"/>
    <property name="BUILD_ID" value="7"/>
    <property name="sun.cpu.isalist" value="amd64"/>
    <property name="sun.jnu.encoding" value="MS950"/>
    <property name="file.separator" value="\"/>
    <property name="java.specification.name" value="Java Platform API Specification"/>
    <property name="java.class.version" value="55.0"/>
    <property name="user.country" value="TW"/>
    <property name="ALLUSERSPROFILE" value="C:\ProgramData"/>
    <property name="java.home" value="C:\Program Files\Java\jdk-11.0.1"/>
    <property name="java.vm.info" value="mixed mode"/>
    <property name="os.version" value="6.1"/>
    <property name="RUN_DISPLAY_URL" value="http://127.0.0.1:8080/job/seleniumMaven1/7/display/redirect"/>
    <property name="POM_VERSION" value="0.0.1-SNAPSHOT"/>
    <property name="TMP" value="C:\Windows\TEMP"/>
    <property name="path.separator" value=";"/>
    <property name="java.vm.version" value="11.0.1+13-LTS"/>
    <property name="user.variant" value=""/>
    <property name="ClassPath" value=""/>
    <property name="CommonProgramFiles(x86)" value="C:\Program Files (x86)\Common Files"/>
    <property name="JOB_DISPLAY_URL" value="http://127.0.0.1:8080/job/seleniumMaven1/display/redirect"/>
    <property name="FP_NO_HOST_CHECK" value="NO"/>
    <property name="java.awt.printerjob" value="sun.awt.windows.WPrinterJob"/>
    <property name="CommonProgramFiles" value="C:\Program Files (x86)\Common Files"/>
    <property name="JAVA_HOME" value="C:\Program Files\Java\jdk-11.0.1"/>
    <property name="sun.io.unicode.encoding" value="UnicodeLittle"/>
    <property name="ComSpec" value="C:\Windows\system32\cmd.exe"/>
    <property name="awt.toolkit" value="sun.awt.windows.WToolkit"/>
    <property name="POM_PACKAGING" value="jar"/>
    <property name="SERVICE_ID" value="Jenkins"/>
    <property name="COMPUTERNAME" value="SHILIN2886"/>
    <property name="user.script" value=""/>
    <property name="POM_GROUPID" value="WebdriverTest"/>
    <property name="user.home" value="C:\Windows\system32\config\systemprofile"/>
    <property name="PUBLIC" value="C:\Users\Public"/>
    <property name="BUILD_TAG" value="jenkins-seleniumMaven1-7"/>
    <property name="JENKINS_SERVER_COOKIE" value="188c2eb741554aa4"/>
    <property name="HUDSON_URL" value="http://127.0.0.1:8080/"/>
    <property name="ProgramData" value="C:\ProgramData"/>
    <property name="java.version.date" value="2018-10-16"/>
    <property name="java.specification.vendor" value="Oracle Corporation"/>
    <property name="USERPROFILE" value="C:\Windows\system32\config\systemprofile"/>
    <property name="java.library.path" value="C:\Program Files\Java\jdk-11.0.1\bin;C:\Windows\Sun\Java\bin;C:\Windows\system32;C:\Windows;C:\Program Files\apache-maven-3.0.3/bin;C:\Program Files\Java\jdk-11.0.1/bin;C:\Program Files\Java\jdk-11.0.1/bin;C:\Program Files (x86)\Common Files\Oracle\Java\javapath;C:\Program Files (x86)\Parallels\Parallels Tools\Applications;C:\Windows\system32;C:\Windows;C:\Windows\System32\Wbem;C:\Windows\System32\WindowsPowerShell\v1.0\;C:\Program Files\TortoiseGit\bin;C:\Program Files\Git\cmd;  /C:\Program Files\Java\jdk-11.0.1\bin; C:\Program Files\apache-maven-3.0.3\bin\bin;C:\Program Files\apache-maven-3.0.3\bin\bin;C:\Windows\system32;C:\Program Files\apache-maven-3.0.3bin;C:\Program Files\apache-maven-3.0.3\bin;C:\Program Files\apache-ant-1.10.5\bin;;."/>
    <property name="java.vendor.url" value="http://java.oracle.com/"/>
    <property name="java.vm.vendor" value="Oracle Corporation"/>
    <property name="APPDATA" value="C:\Windows\system32\config\systemprofile\AppData\Roaming"/>
    <property name="java.runtime.name" value="Java(TM) SE Runtime Environment"/>
    <property name="maven.home" value="C:\Program Files\apache-maven-3.0.3"/>
    <property name="java.class.path" value="C:\Program Files (x86)\Jenkins\plugins\maven-plugin\WEB-INF\lib\maven3-agent-1.12-alpha-1.jar;C:\Program Files\apache-maven-3.0.3\boot\plexus-classworlds-2.4.jar"/>
    <property name="sun.java.command" value="org.jvnet.hudson.maven3.agent.Maven3Main C:\Program Files\apache-maven-3.0.3 C:\Program Files (x86)\Jenkins\war\WEB-INF\lib\remoting-3.25.jar C:\Program Files (x86)\Jenkins\plugins\maven-plugin\WEB-INF\lib\maven3-interceptor-1.12-alpha-1.jar C:\Program Files (x86)\Jenkins\plugins\maven-plugin\WEB-INF\lib\maven3-interceptor-commons-1.12-alpha-1.jar 54296"/>
    <property name="Path" value="C:\Program Files\Java\jdk-11.0.1/bin;C:\Program Files (x86)\Common Files\Oracle\Java\javapath;C:\Program Files (x86)\Parallels\Parallels Tools\Applications;C:\Windows\system32;C:\Windows;C:\Windows\System32\Wbem;C:\Windows\System32\WindowsPowerShell\v1.0\;C:\Program Files\TortoiseGit\bin;C:\Program Files\Git\cmd;  /C:\Program Files\Java\jdk-11.0.1\bin; C:\Program Files\apache-maven-3.0.3\bin\bin;C:\Program Files\apache-maven-3.0.3\bin\bin;C:\Windows\system32;C:\Program Files\apache-maven-3.0.3bin;C:\Program Files\apache-maven-3.0.3\bin;C:\Program Files\apache-ant-1.10.5\bin;"/>
    <property name="jdk.debug" value="release"/>
    <property name="PROCESSOR_ARCHITECTURE" value="x86"/>
    <property name="java.vm.specification.name" value="Java Virtual Machine Specification"/>
    <property name="PATH+JDK" value="C:\Program Files\Java\jdk-11.0.1/bin"/>
    <property name="PROCESSOR_IDENTIFIER" value="Intel64 Family 6 Model 69 Stepping 1, GenuineIntel"/>
    <property name="java.vm.specification.version" value="11"/>
    <property name="M2_HOME" value="C:\Program Files\apache-maven-3.0.3"/>
    <property name="sun.cpu.endian" value="little"/>
    <property name="sun.os.patch.level" value="Service Pack 1"/>
    <property name="OS" value="Windows_NT"/>
    <property name="java.io.tmpdir" value="C:\Windows\TEMP\"/>
    <property name="HUDSON_HOME" value="C:\Program Files (x86)\Jenkins"/>
    <property name="PATH+MAVEN" value="C:\Program Files\apache-maven-3.0.3/bin"/>
    <property name="ProgramFiles(x86)" value="C:\Program Files (x86)"/>
    <property name="java.vendor.url.bug" value="http://bugreport.java.com/bugreport/"/>
    <property name="BUILD_URL" value="http://127.0.0.1:8080/job/seleniumMaven1/7/"/>
    <property name="SystemRoot" value="C:\Windows"/>
    <property name="os.arch" value="amd64"/>
    <property name="windows_tracing_flags" value="3"/>
    <property name="java.awt.graphicsenv" value="sun.awt.Win32GraphicsEnvironment"/>
    <property name="user.dir" value="C:\testtt\WebdriverTest"/>
    <property name="JOB_URL" value="http://127.0.0.1:8080/job/seleniumMaven1/"/>
    <property name="USERDOMAIN" value="WORKGROUP"/>
    <property name="MAVEN_HOME" value="C:\Program Files\apache-maven-3.0.3"/>
    <property name="line.separator" value="
"/>
    <property name="java.vm.name" value="Java HotSpot(TM) 64-Bit Server VM"/>
    <property name="BASE" value="C:\Program Files (x86)\Jenkins"/>
    <property name="BUILD_NUMBER" value="7"/>
    <property name="PROCESSOR_REVISION" value="4501"/>
    <property name="JENKINS_URL" value="http://127.0.0.1:8080/"/>
    <property name="ProgramW6432" value="C:\Program Files"/>
    <property name="windir" value="C:\Windows"/>
    <property name="file.encoding" value="MS950"/>
    <property name="SystemDrive" value="C:"/>
    <property name="maven3.interceptor" value="C:\Program Files (x86)\Jenkins\plugins\maven-plugin\WEB-INF\lib\maven3-interceptor-1.12-alpha-1.jar"/>
    <property name="WORKSPACE" value="C:\Program Files (x86)\Jenkins\workspace\seleniumMaven1"/>
    <property name="maven3.interceptor.common" value="C:\Program Files (x86)\Jenkins\plugins\maven-plugin\WEB-INF\lib\maven3-interceptor-commons-1.12-alpha-1.jar"/>
    <property name="WINSW_EXECUTABLE" value="C:\Program Files (x86)\Jenkins\jenkins.exe"/>
    <property name="PSModulePath" value="C:\Windows\system32\WindowsPowerShell\v1.0\Modules\"/>
    <property name="java.specification.version" value="11"/>
    <property name="java.vendor.version" value="18.9"/>
  </properties>
  <testcase classname="example.NewTest" name="testNg" time="4.761"/>
</testsuite>